app/build/intermediates/manifest_merge_blame_file/debug/manifest-merger-blame-debug-report.txt
1<?xml version="1.0" encoding="utf-8"?>
2<manifest xmlns:android="http://schemas.android.com/apk/res/android"
3    package="com.example.lascosasquenovemos"
4    android:versionCode="1"
5    android:versionName="1.0" >
6
7    <uses-sdk
8        android:minSdkVersion="21"
8-->src/main/AndroidManifest.xml
9        android:targetSdkVersion="32" />
9-->src/main/AndroidManifest.xml
10
11    <uses-permission android:name="android.permission.INTERNET" />
11-->src/main/AndroidManifest.xml:5:5-67
11-->src/main/AndroidManifest.xml:5:22-64
12    <uses-permission android:name="android.permission.ACCESS_NETWORK_STATE" />
12-->src/main/AndroidManifest.xml:6:5-79
12-->src/main/AndroidManifest.xml:6:22-76
13    <uses-permission android:name="android.permission.WAKE_LOCK" />
13-->[com.google.android.gms:play-services-measurement-api:20.1.0] AndroidManifest.xml:24:5-68
13-->[com.google.android.gms:play-services-measurement-api:20.1.0] AndroidManifest.xml:24:22-65
14    <uses-permission android:name="com.google.android.finsky.permission.BIND_GET_INSTALL_REFERRER_SERVICE" /> <!-- Include required permissions for Advertising Id -->
14-->[com.google.android.gms:play-services-measurement:20.1.0] AndroidManifest.xml:26:5-110
14-->[com.google.android.gms:play-services-measurement:20.1.0] AndroidManifest.xml:26:22-107
15    <uses-permission android:name="com.google.android.gms.permission.AD_ID" />
15-->[com.google.android.gms:play-services-ads-identifier:18.0.0] AndroidManifest.xml:23:5-79
15-->[com.google.android.gms:play-services-ads-identifier:18.0.0] AndroidManifest.xml:23:22-76
16    <uses-permission android:name="android.permission.REORDER_TASKS" />
16-->[androidx.test:core:1.4.0] AndroidManifest.xml:24:5-72
16-->[androidx.test:core:1.4.0] AndroidManifest.xml:24:22-69
17
18    <application
18-->src/main/AndroidManifest.xml:8:5-57:19
19        android:allowBackup="true"
19-->src/main/AndroidManifest.xml:9:9-35
20        android:appComponentFactory="androidx.core.app.CoreComponentFactory"
20-->[androidx.core:core:1.7.0] AndroidManifest.xml:24:18-86
21        android:debuggable="true"
22        android:icon="@mipmap/lcqnv_logo_sin_fondo"
22-->src/main/AndroidManifest.xml:10:9-52
23        android:label="@string/app_name"
23-->src/main/AndroidManifest.xml:11:9-41
24        android:roundIcon="@mipmap/lcqnv_logo_sin_fondo"
24-->src/main/AndroidManifest.xml:12:9-57
25        android:supportsRtl="true"
25-->src/main/AndroidManifest.xml:13:9-35
26        android:testOnly="true"
27        android:theme="@style/Theme.AppCompat.NoActionBar" >
27-->src/main/AndroidManifest.xml:14:9-59
28        <activity
28-->src/main/AndroidManifest.xml:15:9-17:40
29            android:name="com.example.lascosasquenovemos.view.UsuarioVista"
29-->src/main/AndroidManifest.xml:16:13-41
30            android:exported="false" />
30-->src/main/AndroidManifest.xml:17:13-37
31        <activity
31-->src/main/AndroidManifest.xml:18:9-20:40
32            android:name="com.example.lascosasquenovemos.view.EntrarEnPartidaVista"
32-->src/main/AndroidManifest.xml:19:13-49
33            android:exported="false" />
33-->src/main/AndroidManifest.xml:20:13-37
34        <activity
34-->src/main/AndroidManifest.xml:21:9-23:40
35            android:name="com.example.lascosasquenovemos.view.VerPartidaVista"
35-->src/main/AndroidManifest.xml:22:13-44
36            android:exported="false" />
36-->src/main/AndroidManifest.xml:23:13-37
37        <activity
37-->src/main/AndroidManifest.xml:24:9-26:40
38            android:name="com.example.lascosasquenovemos.view.CrearPartidaVista"
38-->src/main/AndroidManifest.xml:25:13-46
39            android:exported="false" />
39-->src/main/AndroidManifest.xml:26:13-37
40        <activity
40-->src/main/AndroidManifest.xml:27:9-29:40
41            android:name="com.example.lascosasquenovemos.view.CrearTematicaVista"
41-->src/main/AndroidManifest.xml:28:13-47
42            android:exported="false" />
42-->src/main/AndroidManifest.xml:29:13-37
43        <activity
43-->src/main/AndroidManifest.xml:30:9-32:40
44            android:name="com.example.lascosasquenovemos.view.ComprobarResultadoVista"
44-->src/main/AndroidManifest.xml:31:13-52
45            android:exported="false" />
45-->src/main/AndroidManifest.xml:32:13-37
46        <activity
46-->src/main/AndroidManifest.xml:33:9-41:20
47            android:name="com.example.lascosasquenovemos.view.MainVista"
47-->src/main/AndroidManifest.xml:34:13-38
48            android:exported="true" >
48-->src/main/AndroidManifest.xml:35:13-36
49            <intent-filter>
49-->src/main/AndroidManifest.xml:36:13-40:29
50                <action android:name="android.intent.action.MAIN" />
50-->src/main/AndroidManifest.xml:37:17-69
50-->src/main/AndroidManifest.xml:37:25-66
51
52                <category android:name="android.intent.category.LAUNCHER" />
52-->src/main/AndroidManifest.xml:39:17-77
52-->src/main/AndroidManifest.xml:39:27-74
53            </intent-filter>
54        </activity>
55        <activity
55-->src/main/AndroidManifest.xml:42:9-44:40
56            android:name="com.example.lascosasquenovemos.view.VerQuizVista"
56-->src/main/AndroidManifest.xml:43:13-41
57            android:exported="false" />
57-->src/main/AndroidManifest.xml:44:13-37
58        <activity
58-->src/main/AndroidManifest.xml:45:9-47:40
59            android:name="com.example.lascosasquenovemos.view.InfoVista"
59-->src/main/AndroidManifest.xml:46:13-38
60            android:exported="false" />
60-->src/main/AndroidManifest.xml:47:13-37
61        <activity
61-->src/main/AndroidManifest.xml:48:9-50:40
62            android:name="com.example.lascosasquenovemos.view.CrearQuizVista"
62-->src/main/AndroidManifest.xml:49:13-43
63            android:exported="false" />
63-->src/main/AndroidManifest.xml:50:13-37
64        <activity
64-->src/main/AndroidManifest.xml:51:9-53:40
65            android:name="com.example.lascosasquenovemos.view.TextoVista"
65-->src/main/AndroidManifest.xml:52:13-39
66            android:exported="false" />
66-->src/main/AndroidManifest.xml:53:13-37
67        <activity
67-->src/main/AndroidManifest.xml:54:9-56:40
68            android:name="com.example.lascosasquenovemos.view.AdminVista"
68-->src/main/AndroidManifest.xml:55:13-39
69            android:exported="false" />
69-->src/main/AndroidManifest.xml:56:13-37
70
71        <service
71-->[com.google.firebase:firebase-database:20.0.3] AndroidManifest.xml:29:9-35:19
72            android:name="com.google.firebase.components.ComponentDiscoveryService"
72-->[com.google.firebase:firebase-database:20.0.3] AndroidManifest.xml:30:13-84
73            android:directBootAware="true"
73-->[com.google.firebase:firebase-common:20.0.0] AndroidManifest.xml:35:13-43
74            android:exported="false" >
74-->[com.google.firebase:firebase-database:20.0.3] AndroidManifest.xml:31:13-37
75            <meta-data
75-->[com.google.firebase:firebase-database:20.0.3] AndroidManifest.xml:32:13-34:85
76                android:name="com.google.firebase.components:com.google.firebase.database.DatabaseRegistrar"
76-->[com.google.firebase:firebase-database:20.0.3] AndroidManifest.xml:33:17-109
77                android:value="com.google.firebase.components.ComponentRegistrar" />
77-->[com.google.firebase:firebase-database:20.0.3] AndroidManifest.xml:34:17-82
78            <meta-data
78-->[com.google.firebase:firebase-appcheck:16.0.0-beta04] AndroidManifest.xml:28:13-30:85
79                android:name="com.google.firebase.components:com.google.firebase.appcheck.FirebaseAppCheckRegistrar"
79-->[com.google.firebase:firebase-appcheck:16.0.0-beta04] AndroidManifest.xml:29:17-117
80                android:value="com.google.firebase.components.ComponentRegistrar" />
80-->[com.google.firebase:firebase-appcheck:16.0.0-beta04] AndroidManifest.xml:30:17-82
81            <meta-data
81-->[com.google.android.gms:play-services-measurement-api:20.1.0] AndroidManifest.xml:30:13-32:85
82                android:name="com.google.firebase.components:com.google.firebase.analytics.connector.internal.AnalyticsConnectorRegistrar"
82-->[com.google.android.gms:play-services-measurement-api:20.1.0] AndroidManifest.xml:31:17-139
83                android:value="com.google.firebase.components.ComponentRegistrar" />
83-->[com.google.android.gms:play-services-measurement-api:20.1.0] AndroidManifest.xml:32:17-82
84            <meta-data
84-->[com.google.firebase:firebase-installations:17.0.0] AndroidManifest.xml:18:13-20:85
85                android:name="com.google.firebase.components:com.google.firebase.installations.FirebaseInstallationsRegistrar"
85-->[com.google.firebase:firebase-installations:17.0.0] AndroidManifest.xml:19:17-127
86                android:value="com.google.firebase.components.ComponentRegistrar" />
86-->[com.google.firebase:firebase-installations:17.0.0] AndroidManifest.xml:20:17-82
87        </service>
88
89        <provider
89-->[com.google.firebase:firebase-common:20.0.0] AndroidManifest.xml:26:9-31:39
90            android:name="com.google.firebase.provider.FirebaseInitProvider"
90-->[com.google.firebase:firebase-common:20.0.0] AndroidManifest.xml:27:13-77
91            android:authorities="com.example.lascosasquenovemos.firebaseinitprovider"
91-->[com.google.firebase:firebase-common:20.0.0] AndroidManifest.xml:28:13-72
92            android:directBootAware="true"
92-->[com.google.firebase:firebase-common:20.0.0] AndroidManifest.xml:29:13-43
93            android:exported="false"
93-->[com.google.firebase:firebase-common:20.0.0] AndroidManifest.xml:30:13-37
94            android:initOrder="100" />
94-->[com.google.firebase:firebase-common:20.0.0] AndroidManifest.xml:31:13-36
95
96        <activity
96-->[com.google.android.gms:play-services-base:17.5.0] AndroidManifest.xml:23:9-26:75
97            android:name="com.google.android.gms.common.api.GoogleApiActivity"
97-->[com.google.android.gms:play-services-base:17.5.0] AndroidManifest.xml:24:13-79
98            android:exported="false"
98-->[com.google.android.gms:play-services-base:17.5.0] AndroidManifest.xml:25:13-37
99            android:theme="@android:style/Theme.Translucent.NoTitleBar" />
99-->[com.google.android.gms:play-services-base:17.5.0] AndroidManifest.xml:26:13-72
100
101        <receiver
101-->[com.google.android.gms:play-services-measurement:20.1.0] AndroidManifest.xml:29:9-33:20
102            android:name="com.google.android.gms.measurement.AppMeasurementReceiver"
102-->[com.google.android.gms:play-services-measurement:20.1.0] AndroidManifest.xml:30:13-85
103            android:enabled="true"
103-->[com.google.android.gms:play-services-measurement:20.1.0] AndroidManifest.xml:31:13-35
104            android:exported="false" >
104-->[com.google.android.gms:play-services-measurement:20.1.0] AndroidManifest.xml:32:13-37
105        </receiver>
106
107        <service
107-->[com.google.android.gms:play-services-measurement:20.1.0] AndroidManifest.xml:35:9-38:40
108            android:name="com.google.android.gms.measurement.AppMeasurementService"
108-->[com.google.android.gms:play-services-measurement:20.1.0] AndroidManifest.xml:36:13-84
109            android:enabled="true"
109-->[com.google.android.gms:play-services-measurement:20.1.0] AndroidManifest.xml:37:13-35
110            android:exported="false" />
110-->[com.google.android.gms:play-services-measurement:20.1.0] AndroidManifest.xml:38:13-37
111        <service
111-->[com.google.android.gms:play-services-measurement:20.1.0] AndroidManifest.xml:39:9-43:72
112            android:name="com.google.android.gms.measurement.AppMeasurementJobService"
112-->[com.google.android.gms:play-services-measurement:20.1.0] AndroidManifest.xml:40:13-87
113            android:enabled="true"
113-->[com.google.android.gms:play-services-measurement:20.1.0] AndroidManifest.xml:41:13-35
114            android:exported="false"
114-->[com.google.android.gms:play-services-measurement:20.1.0] AndroidManifest.xml:42:13-37
115            android:permission="android.permission.BIND_JOB_SERVICE" />
115-->[com.google.android.gms:play-services-measurement:20.1.0] AndroidManifest.xml:43:13-69
116
117        <meta-data
117-->[com.google.android.gms:play-services-basement:18.0.0] AndroidManifest.xml:21:9-23:69
118            android:name="com.google.android.gms.version"
118-->[com.google.android.gms:play-services-basement:18.0.0] AndroidManifest.xml:22:13-58
119            android:value="@integer/google_play_services_version" />
119-->[com.google.android.gms:play-services-basement:18.0.0] AndroidManifest.xml:23:13-66
120
121        <provider
121-->[androidx.emoji2:emoji2:1.0.0] AndroidManifest.xml:26:9-34:20
122            android:name="androidx.startup.InitializationProvider"
122-->[androidx.emoji2:emoji2:1.0.0] AndroidManifest.xml:27:13-67
123            android:authorities="com.example.lascosasquenovemos.androidx-startup"
123-->[androidx.emoji2:emoji2:1.0.0] AndroidManifest.xml:28:13-68
124            android:exported="false" >
124-->[androidx.emoji2:emoji2:1.0.0] AndroidManifest.xml:29:13-37
125            <meta-data
125-->[androidx.emoji2:emoji2:1.0.0] AndroidManifest.xml:31:13-33:52
126                android:name="androidx.emoji2.text.EmojiCompatInitializer"
126-->[androidx.emoji2:emoji2:1.0.0] AndroidManifest.xml:32:17-75
127                android:value="androidx.startup" />
127-->[androidx.emoji2:emoji2:1.0.0] AndroidManifest.xml:33:17-49
128            <meta-data
128-->[androidx.lifecycle:lifecycle-process:2.4.0] AndroidManifest.xml:31:13-33:52
129                android:name="androidx.lifecycle.ProcessLifecycleInitializer"
129-->[androidx.lifecycle:lifecycle-process:2.4.0] AndroidManifest.xml:32:17-78
130                android:value="androidx.startup" />
130-->[androidx.lifecycle:lifecycle-process:2.4.0] AndroidManifest.xml:33:17-49
131        </provider>
132
133        <activity
133-->[androidx.test:core:1.4.0] AndroidManifest.xml:27:9-34:20
134            android:name="androidx.test.core.app.InstrumentationActivityInvoker$BootstrapActivity"
134-->[androidx.test:core:1.4.0] AndroidManifest.xml:28:13-99
135            android:exported="true"
135-->[androidx.test:core:1.4.0] AndroidManifest.xml:29:13-36
136            android:theme="@android:style/Theme" >
136-->[androidx.test:core:1.4.0] AndroidManifest.xml:30:13-49
137            <intent-filter>
137-->[androidx.test:core:1.4.0] AndroidManifest.xml:31:13-33:29
138                <action android:name="android.intent.action.MAIN" />
138-->src/main/AndroidManifest.xml:37:17-69
138-->src/main/AndroidManifest.xml:37:25-66
139            </intent-filter>
140        </activity>
141        <activity
141-->[androidx.test:core:1.4.0] AndroidManifest.xml:35:9-42:20
142            android:name="androidx.test.core.app.InstrumentationActivityInvoker$EmptyActivity"
142-->[androidx.test:core:1.4.0] AndroidManifest.xml:36:13-95
143            android:exported="true"
143-->[androidx.test:core:1.4.0] AndroidManifest.xml:37:13-36
144            android:theme="@android:style/Theme" >
144-->[androidx.test:core:1.4.0] AndroidManifest.xml:38:13-49
145            <intent-filter>
145-->[androidx.test:core:1.4.0] AndroidManifest.xml:31:13-33:29
146                <action android:name="android.intent.action.MAIN" />
146-->src/main/AndroidManifest.xml:37:17-69
146-->src/main/AndroidManifest.xml:37:25-66
147            </intent-filter>
148        </activity>
149        <activity
149-->[androidx.test:core:1.4.0] AndroidManifest.xml:43:9-50:20
150            android:name="androidx.test.core.app.InstrumentationActivityInvoker$EmptyFloatingActivity"
150-->[androidx.test:core:1.4.0] AndroidManifest.xml:44:13-103
151            android:exported="true"
151-->[androidx.test:core:1.4.0] AndroidManifest.xml:45:13-36
152            android:theme="@android:style/Theme.Dialog" >
152-->[androidx.test:core:1.4.0] AndroidManifest.xml:46:13-56
153            <intent-filter>
153-->[androidx.test:core:1.4.0] AndroidManifest.xml:31:13-33:29
154                <action android:name="android.intent.action.MAIN" />
154-->src/main/AndroidManifest.xml:37:17-69
154-->src/main/AndroidManifest.xml:37:25-66
155            </intent-filter>
156        </activity>
157    </application>
158
159</manifest>